Using pre-set license
Built from '2021.3/staging' branch; Version is '2021.3.25f1 (68ef2c4f8861) revision 6876972'; Using compiler version '192829333'; Build Type 'Release'
OS: 'Windows 10  (10.0.19045) 64bit Professional' Language: 'ko' Physical Memory: 16321 MB
BatchMode: 1, IsHumanControllingUs: 0, StartBugReporterOnCrash: 0, Is64bit: 1, IsPro: 1

COMMAND LINE ARGUMENTS:
C:\Program Files\Unity\Hub\Editor\2021.3.25f1\Editor\Unity.exe
-adb2
-batchMode
-noUpm
-name
AssetImportWorker0
-projectPath
F:/JY/Project_SpaceSurvival/SpaceSurvival
-logFile
Logs/AssetImportWorker0.log
-srvPort
65422
Successfully changed project path to: F:/JY/Project_SpaceSurvival/SpaceSurvival
F:/JY/Project_SpaceSurvival/SpaceSurvival
[UnityMemory] Configuration Parameters - Can be set up in boot.config
    "memorysetup-bucket-allocator-granularity=16"
    "memorysetup-bucket-allocator-bucket-count=8"
    "memorysetup-bucket-allocator-block-size=33554432"
    "memorysetup-bucket-allocator-block-count=8"
    "memorysetup-main-allocator-block-size=16777216"
    "memorysetup-thread-allocator-block-size=16777216"
    "memorysetup-gfx-main-allocator-block-size=16777216"
    "memorysetup-gfx-thread-allocator-block-size=16777216"
    "memorysetup-cache-allocator-block-size=4194304"
    "memorysetup-typetree-allocator-block-size=2097152"
    "memorysetup-profiler-bucket-allocator-granularity=16"
    "memorysetup-profiler-bucket-allocator-bucket-count=8"
    "memorysetup-profiler-bucket-allocator-block-size=33554432"
    "memorysetup-profiler-bucket-allocator-block-count=8"
    "memorysetup-profiler-allocator-block-size=16777216"
    "memorysetup-profiler-editor-allocator-block-size=1048576"
    "memorysetup-temp-allocator-size-main=16777216"
    "memorysetup-job-temp-allocator-block-size=2097152"
    "memorysetup-job-temp-allocator-block-size-background=1048576"
    "memorysetup-job-temp-allocator-reduction-small-platforms=262144"
    "memorysetup-temp-allocator-size-background-worker=32768"
    "memorysetup-temp-allocator-size-job-worker=262144"
    "memorysetup-temp-allocator-size-preload-manager=33554432"
    "memorysetup-temp-allocator-size-nav-mesh-worker=65536"
    "memorysetup-temp-allocator-size-audio-worker=65536"
    "memorysetup-temp-allocator-size-cloud-worker=32768"
    "memorysetup-temp-allocator-size-gi-baking-worker=262144"
    "memorysetup-temp-allocator-size-gfx=262144"
Player connection [4856] Host "[IP] 192.168.60.10 [Port] 0 [Flags] 2 [Guid] 3276081142 [EditorId] 3276081142 [Version] 1048832 [Id] WindowsEditor(7,DESKTOP-VAENCBK) [Debug] 1 [PackageName] WindowsEditor [ProjectName] Editor" joined multi-casting on [225.0.0.222:54997]...

Player connection [4856] Host "[IP] 192.168.60.10 [Port] 0 [Flags] 2 [Guid] 3276081142 [EditorId] 3276081142 [Version] 1048832 [Id] WindowsEditor(7,DESKTOP-VAENCBK) [Debug] 1 [PackageName] WindowsEditor [ProjectName] Editor" joined alternative multi-casting on [225.0.0.222:34997]...

Refreshing native plugins compatible for Editor in 93.84 ms, found 3 plugins.
Preloading 0 native plugins for Editor in 0.00 ms.
Initialize engine version: 2021.3.25f1 (68ef2c4f8861)
[Subsystems] Discovering subsystems at path C:/Program Files/Unity/Hub/Editor/2021.3.25f1/Editor/Data/Resources/UnitySubsystems
[Subsystems] Discovering subsystems at path F:/JY/Project_SpaceSurvival/SpaceSurvival/Assets
GfxDevice: creating device client; threaded=0; jobified=0
Direct3D:
    Version:  Direct3D 11.0 [level 11.0]
    Renderer: NVIDIA GeForce GT 710 (ID=0x128b)
    Vendor:   NVIDIA
    VRAM:     984 MB
    Driver:   30.0.14.7430
Initialize mono
Mono path[0] = 'C:/Program Files/Unity/Hub/Editor/2021.3.25f1/Editor/Data/Managed'
Mono path[1] = 'C:/Program Files/Unity/Hub/Editor/2021.3.25f1/Editor/Data/MonoBleedingEdge/lib/mono/unityjit-win32'
Mono config path = 'C:/Program Files/Unity/Hub/Editor/2021.3.25f1/Editor/Data/MonoBleedingEdge/etc'
Using monoOptions --debugger-agent=transport=dt_socket,embedding=1,server=y,suspend=n,address=127.0.0.1:56880
Begin MonoManager ReloadAssembly
Registering precompiled unity dll's ...
Register platform support module: C:/Program Files/Unity/Hub/Editor/2021.3.25f1/Editor/Data/PlaybackEngines/WebGLSupport/UnityEditor.WebGL.Extensions.dll
Register platform support module: C:/Program Files/Unity/Hub/Editor/2021.3.25f1/Editor/Data/PlaybackEngines/WindowsStandaloneSupport/UnityEditor.WindowsStandalone.Extensions.dll
Registered in 0.010341 seconds.
Native extension for WindowsStandalone target not found
Native extension for WebGL target not found
Refreshing native plugins compatible for Editor in 90.74 ms, found 3 plugins.
Preloading 0 native plugins for Editor in 0.00 ms.
Mono: successfully reloaded assembly
- Completed reload, in  0.680 seconds
Domain Reload Profiling:
	ReloadAssembly (680ms)
		BeginReloadAssembly (93ms)
			ExecutionOrderSort (0ms)
			DisableScriptedObjects (0ms)
			BackupInstance (0ms)
			ReleaseScriptingObjects (0ms)
			CreateAndSetChildDomain (1ms)
		EndReloadAssembly (477ms)
			LoadAssemblies (91ms)
			RebuildTransferFunctionScriptingTraits (0ms)
			SetupTypeCache (112ms)
			ReleaseScriptCaches (0ms)
			RebuildScriptCaches (33ms)
			SetupLoadedEditorAssemblies (278ms)
				LogAssemblyErrors (0ms)
				InitializePlatformSupportModulesInManaged (10ms)
				SetLoadedEditorAssemblies (0ms)
				RefreshPlugins (91ms)
				BeforeProcessingInitializeOnLoad (1ms)
				ProcessInitializeOnLoadAttributes (130ms)
				ProcessInitializeOnLoadMethodAttributes (46ms)
				AfterProcessingInitializeOnLoad (0ms)
				EditorAssembliesLoaded (0ms)
			ExecutionOrderSort2 (0ms)
			AwakeInstancesAfterBackupRestoration (0ms)
Platform modules already initialized, skipping
Registering precompiled user dll's ...
Registered in 0.003778 seconds.
Begin MonoManager ReloadAssembly
Symbol file LoadedFromMemory doesn't match image F:\JY\Project_SpaceSurvival\SpaceSurvival\Library\PackageCache\com.unity.visualscripting@1.8.0\Editor\VisualScripting.Core\Dependencies\YamlDotNet\Unity.VisualScripting.YamlDotNet.dll
Symbol file LoadedFromMemory doesn't match image F:\JY\Project_SpaceSurvival\SpaceSurvival\Library\PackageCache\com.unity.visualscripting@1.8.0\Editor\VisualScripting.Core\Dependencies\DotNetZip\Unity.VisualScripting.IonicZip.dll
Native extension for WindowsStandalone target not found
Native extension for WebGL target not found
Refreshing native plugins compatible for Editor in 104.63 ms, found 3 plugins.
Preloading 0 native plugins for Editor in 0.00 ms.
Mono: successfully reloaded assembly
- Completed reload, in  1.354 seconds
Domain Reload Profiling:
	ReloadAssembly (1355ms)
		BeginReloadAssembly (127ms)
			ExecutionOrderSort (0ms)
			DisableScriptedObjects (6ms)
			BackupInstance (0ms)
			ReleaseScriptingObjects (0ms)
			CreateAndSetChildDomain (20ms)
		EndReloadAssembly (1119ms)
			LoadAssemblies (94ms)
			RebuildTransferFunctionScriptingTraits (0ms)
			SetupTypeCache (291ms)
			ReleaseScriptCaches (1ms)
			RebuildScriptCaches (63ms)
			SetupLoadedEditorAssemblies (633ms)
				LogAssemblyErrors (0ms)
				InitializePlatformSupportModulesInManaged (7ms)
				SetLoadedEditorAssemblies (0ms)
				RefreshPlugins (105ms)
				BeforeProcessingInitializeOnLoad (87ms)
				ProcessInitializeOnLoadAttributes (407ms)
				ProcessInitializeOnLoadMethodAttributes (18ms)
				AfterProcessingInitializeOnLoad (8ms)
				EditorAssembliesLoaded (0ms)
			ExecutionOrderSort2 (0ms)
			AwakeInstancesAfterBackupRestoration (6ms)
Platform modules already initialized, skipping
========================================================================
Worker process is ready to serve import requests
Launched and connected shader compiler UnityShaderCompiler.exe after 0.04 seconds
Refreshing native plugins compatible for Editor in 0.72 ms, found 3 plugins.
Preloading 0 native plugins for Editor in 0.00 ms.
Unloading 3566 Unused Serialized files (Serialized files now loaded: 0)
Unloading 38 unused Assets / (129.5 KB). Loaded Objects now: 4029.
Memory consumption went from 132.8 MB to 132.7 MB.
Total: 3.211200 ms (FindLiveObjects: 0.289400 ms CreateObjectMapping: 0.233100 ms MarkObjects: 2.597600 ms  DeleteObjects: 0.090400 ms)

AssetImportParameters requested are different than current active one (requested -> active):
  custom:video-decoder-ogg-theora: a1e56fd34408186e4bbccfd4996cb3dc -> 
  custom:container-muxer-webm: aa71ff27fc2769a1b78a27578f13a17b -> 
  custom:container-demuxer-webm: 4f35f7cbe854078d1ac9338744f61a02 -> 
  custom:video-encoder-webm-vp8: eb34c28f22e8b96e1ab97ce403110664 -> 
  custom:audio-encoder-webm-vorbis: bf7c407c2cedff20999df2af8eb42d56 -> 
  custom:framework-win-MediaFoundation: 216162199b28c13a410421893ffa2e32 -> 
  custom:container-demuxer-ogg: 62fdf1f143b41e24485cea50d1cbac27 -> 
  custom:video-decoder-webm-vp8: 9c59270c3fd7afecdb556c50c9e8de78 -> 
  custom:audio-decoder-ogg-vorbis: bf7c407c2cedff20999df2af8eb42d56 -> 
========================================================================
Received Import Request.
  Time since last request: 2097020.027677 seconds.
  path: Assets
  artifactKey: Guid(00000000000000001000000000000000) Importer(815301076,1909f56bfc062723c751e8b465ee728b)
Start importing Assets using Guid(00000000000000001000000000000000) Importer(815301076,1909f56bfc062723c751e8b465ee728b)  -> (artifact id: '79842766b460edbeab6a34051e857a80') in 0.012790 seconds 
========================================================================
Received Import Request.
  Time since last request: 6.528366 seconds.
  path: Assets/_JY
  artifactKey: Guid(78a988831ea343645847558b22fad815) Importer(815301076,1909f56bfc062723c751e8b465ee728b)
Start importing Assets/_JY using Guid(78a988831ea343645847558b22fad815) Importer(815301076,1909f56bfc062723c751e8b465ee728b)  -> (artifact id: '8ffab182a78e14b61bd66d12a9cdc7ed') in 0.024944 seconds 
========================================================================
Received Import Request.
  Time since last request: 294.316257 seconds.
  path: Assets/_JY/JY/Action/PlayerInput.cs
  artifactKey: Guid(07299cf4c7f748c4f8b6f7af64d49f81) Importer(815301076,1909f56bfc062723c751e8b465ee728b)
Start importing Assets/_JY/JY/Action/PlayerInput.cs using Guid(07299cf4c7f748c4f8b6f7af64d49f81) Importer(815301076,1909f56bfc062723c751e8b465ee728b)  -> (artifact id: '7da50d8650949bb58eea324ef40f9237') in 0.030836 seconds 
========================================================================
Received Import Request.
  Time since last request: 7.775152 seconds.
  path: Assets/_JY/JY/Script/Utility/TestBase.cs
  artifactKey: Guid(9afbca5549147d44f90e2397e2f03ee5) Importer(815301076,1909f56bfc062723c751e8b465ee728b)
Start importing Assets/_JY/JY/Script/Utility/TestBase.cs using Guid(9afbca5549147d44f90e2397e2f03ee5) Importer(815301076,1909f56bfc062723c751e8b465ee728b)  -> (artifact id: 'e949a4500ead14980f0154b9efed7f25') in 0.009353 seconds 
Thread 0000000000000DE8 may have been prematurely finalized
Thread 0000000000000DE8 may have been prematurely finalized
========================================================================
Received Import Request.
  Time since last request: 80.767876 seconds.
  path: Assets/_Noh_Hyun_Oh
  artifactKey: Guid(9810858c8f546ba4cafdd196c8264e5a) Importer(815301076,1909f56bfc062723c751e8b465ee728b)
Start importing Assets/_Noh_Hyun_Oh using Guid(9810858c8f546ba4cafdd196c8264e5a) Importer(815301076,1909f56bfc062723c751e8b465ee728b)  -> (artifact id: '3034b4626c207e059a6be32070016159') in 0.009216 seconds 
========================================================================
Received Import Request.
  Time since last request: 4.641308 seconds.
  path: Assets/_Noh_Hyun_Oh/Script/TestBase.cs
  artifactKey: Guid(d3dae72c83748144f9474ecdbba72727) Importer(815301076,1909f56bfc062723c751e8b465ee728b)
Start importing Assets/_Noh_Hyun_Oh/Script/TestBase.cs using Guid(d3dae72c83748144f9474ecdbba72727) Importer(815301076,1909f56bfc062723c751e8b465ee728b)  -> (artifact id: 'a28ee73d238eefef5287607f31331121') in 0.002557 seconds 
========================================================================
Received Import Request.
  Time since last request: 38.280780 seconds.
  path: Assets/_Noh_Hyun_Oh/Events/InputKeyMouse.inputactions
  artifactKey: Guid(db689f0438bbe1c4aba610ef0709892d) Importer(815301076,1909f56bfc062723c751e8b465ee728b)
Start importing Assets/_Noh_Hyun_Oh/Events/InputKeyMouse.inputactions using Guid(db689f0438bbe1c4aba610ef0709892d) Importer(815301076,1909f56bfc062723c751e8b465ee728b)  -> (artifact id: '713eb88f4639788fd5bc3955d58804fd') in 0.027661 seconds 
========================================================================
Received Import Request.
  Time since last request: 103.084588 seconds.
  path: Assets/_Noh_Hyun_Oh/Script/TestBase.cs
  artifactKey: Guid(d3dae72c83748144f9474ecdbba72727) Importer(815301076,1909f56bfc062723c751e8b465ee728b)
Start importing Assets/_Noh_Hyun_Oh/Script/TestBase.cs using Guid(d3dae72c83748144f9474ecdbba72727) Importer(815301076,1909f56bfc062723c751e8b465ee728b)  -> (artifact id: '0e46d8ab08386f33dd160a187d059730') in 0.004162 seconds 
========================================================================
Received Import Request.
  Time since last request: 30.541930 seconds.
  path: Assets/_Noh_Hyun_Oh/Script/TestBase.cs
  artifactKey: Guid(d3dae72c83748144f9474ecdbba72727) Importer(815301076,1909f56bfc062723c751e8b465ee728b)
Start importing Assets/_Noh_Hyun_Oh/Script/TestBase.cs using Guid(d3dae72c83748144f9474ecdbba72727) Importer(815301076,1909f56bfc062723c751e8b465ee728b)  -> (artifact id: 'eb8f1352ae5eb094f3d833a260dde70d') in 0.002363 seconds 
========================================================================
Received Import Request.
  Time since last request: 19.891502 seconds.
  path: Assets/_Noh_Hyun_Oh/Script/TestBase.cs
  artifactKey: Guid(d3dae72c83748144f9474ecdbba72727) Importer(815301076,1909f56bfc062723c751e8b465ee728b)
Start importing Assets/_Noh_Hyun_Oh/Script/TestBase.cs using Guid(d3dae72c83748144f9474ecdbba72727) Importer(815301076,1909f56bfc062723c751e8b465ee728b)  -> (artifact id: 'd014c5637c633559b231d968bfc4aadc') in 0.002390 seconds 
========================================================================
Received Import Request.
  Time since last request: 15.427448 seconds.
  path: Assets/_Noh_Hyun_Oh/Script/TestBase.cs
  artifactKey: Guid(d3dae72c83748144f9474ecdbba72727) Importer(815301076,1909f56bfc062723c751e8b465ee728b)
Start importing Assets/_Noh_Hyun_Oh/Script/TestBase.cs using Guid(d3dae72c83748144f9474ecdbba72727) Importer(815301076,1909f56bfc062723c751e8b465ee728b)  -> (artifact id: '56fba5d2502a15cb64b0149268914d80') in 0.003304 seconds 
========================================================================
Received Import Request.
  Time since last request: 45.492745 seconds.
  path: Assets/_Noh_Hyun_Oh/Script/TestBase.cs
  artifactKey: Guid(d3dae72c83748144f9474ecdbba72727) Importer(815301076,1909f56bfc062723c751e8b465ee728b)
Start importing Assets/_Noh_Hyun_Oh/Script/TestBase.cs using Guid(d3dae72c83748144f9474ecdbba72727) Importer(815301076,1909f56bfc062723c751e8b465ee728b)  -> (artifact id: '74e509fbe05a5ec027e5082609f74a19') in 0.003549 seconds 
========================================================================
Received Import Request.
  Time since last request: 39.215570 seconds.
  path: Assets/_Noh_Hyun_Oh/Script/TestBase.cs
  artifactKey: Guid(d3dae72c83748144f9474ecdbba72727) Importer(815301076,1909f56bfc062723c751e8b465ee728b)
Start importing Assets/_Noh_Hyun_Oh/Script/TestBase.cs using Guid(d3dae72c83748144f9474ecdbba72727) Importer(815301076,1909f56bfc062723c751e8b465ee728b)  -> (artifact id: 'd31b5cf51b5535fbb3770c843ba71003') in 0.004607 seconds 
========================================================================
Received Import Request.
  Time since last request: 7.464841 seconds.
  path: Assets/__CommonAssets
  artifactKey: Guid(39e6ad6eb2e4545bb862e65842cdf9eb) Importer(815301076,1909f56bfc062723c751e8b465ee728b)
Start importing Assets/__CommonAssets using Guid(39e6ad6eb2e4545bb862e65842cdf9eb) Importer(815301076,1909f56bfc062723c751e8b465ee728b)  -> (artifact id: 'b7b055837976ae0cb1c2f3eb0d854057') in 0.010261 seconds 
========================================================================
Received Import Request.
  Time since last request: 32.023026 seconds.
  path: Packages/com.unity.inputsystem/InputSystem
  artifactKey: Guid(7be622e2320c433e83fcfd2dbb7bd468) Importer(815301076,1909f56bfc062723c751e8b465ee728b)
Start importing Packages/com.unity.inputsystem/InputSystem using Guid(7be622e2320c433e83fcfd2dbb7bd468) Importer(815301076,1909f56bfc062723c751e8b465ee728b)  -> (artifact id: 'e66a1453082ae5d65f8b9b76928832cd') in 0.014260 seconds 
========================================================================
Received Prepare
Registering precompiled user dll's ...
Registered in 0.003506 seconds.
Begin MonoManager ReloadAssembly
Symbol file LoadedFromMemory doesn't match image F:\JY\Project_SpaceSurvival\SpaceSurvival\Library\PackageCache\com.unity.visualscripting@1.8.0\Editor\VisualScripting.Core\Dependencies\YamlDotNet\Unity.VisualScripting.YamlDotNet.dll
Symbol file LoadedFromMemory doesn't match image F:\JY\Project_SpaceSurvival\SpaceSurvival\Library\PackageCache\com.unity.visualscripting@1.8.0\Editor\VisualScripting.Core\Dependencies\DotNetZip\Unity.VisualScripting.IonicZip.dll
Native extension for WindowsStandalone target not found
Native extension for WebGL target not found
Refreshing native plugins compatible for Editor in 0.84 ms, found 3 plugins.
Preloading 0 native plugins for Editor in 0.00 ms.
Mono: successfully reloaded assembly
- Completed reload, in  1.219 seconds
Domain Reload Profiling:
	ReloadAssembly (1219ms)
		BeginReloadAssembly (174ms)
			ExecutionOrderSort (0ms)
			DisableScriptedObjects (6ms)
			BackupInstance (0ms)
			ReleaseScriptingObjects (0ms)
			CreateAndSetChildDomain (41ms)
		EndReloadAssembly (942ms)
			LoadAssemblies (116ms)
			RebuildTransferFunctionScriptingTraits (0ms)
			SetupTypeCache (308ms)
			ReleaseScriptCaches (1ms)
			RebuildScriptCaches (55ms)
			SetupLoadedEditorAssemblies (426ms)
				LogAssemblyErrors (0ms)
				InitializePlatformSupportModulesInManaged (8ms)
				SetLoadedEditorAssemblies (1ms)
				RefreshPlugins (1ms)
				BeforeProcessingInitializeOnLoad (76ms)
				ProcessInitializeOnLoadAttributes (312ms)
				ProcessInitializeOnLoadMethodAttributes (20ms)
				AfterProcessingInitializeOnLoad (8ms)
				EditorAssembliesLoaded (0ms)
			ExecutionOrderSort2 (0ms)
			AwakeInstancesAfterBackupRestoration (7ms)
Platform modules already initialized, skipping
Refreshing native plugins compatible for Editor in 1.95 ms, found 3 plugins.
Preloading 0 native plugins for Editor in 0.00 ms.
Unloading 3626 Unused Serialized files (Serialized files now loaded: 0)
Unloading 24 unused Assets / (0.7 MB). Loaded Objects now: 4111.
Memory consumption went from 135.3 MB to 134.6 MB.
Total: 3.321800 ms (FindLiveObjects: 0.251100 ms CreateObjectMapping: 0.189300 ms MarkObjects: 2.510100 ms  DeleteObjects: 0.370600 ms)

AssetImportParameters requested are different than current active one (requested -> active):
  custom:video-decoder-ogg-theora: a1e56fd34408186e4bbccfd4996cb3dc -> 
  custom:container-muxer-webm: aa71ff27fc2769a1b78a27578f13a17b -> 
  custom:container-demuxer-webm: 4f35f7cbe854078d1ac9338744f61a02 -> 
  custom:video-encoder-webm-vp8: eb34c28f22e8b96e1ab97ce403110664 -> 
  custom:audio-encoder-webm-vorbis: bf7c407c2cedff20999df2af8eb42d56 -> 
  custom:framework-win-MediaFoundation: 216162199b28c13a410421893ffa2e32 -> 
  custom:container-demuxer-ogg: 62fdf1f143b41e24485cea50d1cbac27 -> 
  custom:video-decoder-webm-vp8: 9c59270c3fd7afecdb556c50c9e8de78 -> 
  custom:audio-decoder-ogg-vorbis: bf7c407c2cedff20999df2af8eb42d56 -> 
========================================================================
Received Import Request.
  Time since last request: 112.662066 seconds.
  path: Assets/_Noh_Hyun_Oh/Script
  artifactKey: Guid(b672bef7c5f373a47a9be52d96b90aa8) Importer(815301076,1909f56bfc062723c751e8b465ee728b)
Start importing Assets/_Noh_Hyun_Oh/Script using Guid(b672bef7c5f373a47a9be52d96b90aa8) Importer(815301076,1909f56bfc062723c751e8b465ee728b)  -> (artifact id: '412763d20ca7d8d9b2fbe058d3954f65') in 0.016228 seconds 
========================================================================
Received Import Request.
  Time since last request: 8.749726 seconds.
  path: Assets/__CommonAssets/Test
  artifactKey: Guid(99725515d6ed4eb4883595ce240fda87) Importer(815301076,1909f56bfc062723c751e8b465ee728b)
Start importing Assets/__CommonAssets/Test using Guid(99725515d6ed4eb4883595ce240fda87) Importer(815301076,1909f56bfc062723c751e8b465ee728b)  -> (artifact id: '20cc411414fd766764c3df4ffd9caa6e') in 0.023062 seconds 
========================================================================
Received Import Request.
  Time since last request: 8.783051 seconds.
  path: Assets/__CommonAssets/Events
  artifactKey: Guid(d44f98584b4f27449a69032e658c7d37) Importer(815301076,1909f56bfc062723c751e8b465ee728b)
Start importing Assets/__CommonAssets/Events using Guid(d44f98584b4f27449a69032e658c7d37) Importer(815301076,1909f56bfc062723c751e8b465ee728b)  -> (artifact id: '48e032847c003cd420b4993912ab7a5e') in 0.014463 seconds 
========================================================================
Received Prepare
Registering precompiled user dll's ...
Registered in 0.005651 seconds.
Begin MonoManager ReloadAssembly
Symbol file LoadedFromMemory doesn't match image F:\JY\Project_SpaceSurvival\SpaceSurvival\Library\PackageCache\com.unity.visualscripting@1.8.0\Editor\VisualScripting.Core\Dependencies\YamlDotNet\Unity.VisualScripting.YamlDotNet.dll
Symbol file LoadedFromMemory doesn't match image F:\JY\Project_SpaceSurvival\SpaceSurvival\Library\PackageCache\com.unity.visualscripting@1.8.0\Editor\VisualScripting.Core\Dependencies\DotNetZip\Unity.VisualScripting.IonicZip.dll
Native extension for WindowsStandalone target not found
Native extension for WebGL target not found
Refreshing native plugins compatible for Editor in 0.83 ms, found 3 plugins.
Preloading 0 native plugins for Editor in 0.00 ms.
Mono: successfully reloaded assembly
- Completed reload, in  1.197 seconds
Domain Reload Profiling:
	ReloadAssembly (1198ms)
		BeginReloadAssembly (163ms)
			ExecutionOrderSort (0ms)
			DisableScriptedObjects (7ms)
			BackupInstance (0ms)
			ReleaseScriptingObjects (0ms)
			CreateAndSetChildDomain (39ms)
		EndReloadAssembly (921ms)
			LoadAssemblies (112ms)
			RebuildTransferFunctionScriptingTraits (0ms)
			SetupTypeCache (322ms)
			ReleaseScriptCaches (1ms)
			RebuildScriptCaches (47ms)
			SetupLoadedEditorAssemblies (400ms)
				LogAssemblyErrors (0ms)
				InitializePlatformSupportModulesInManaged (8ms)
				SetLoadedEditorAssemblies (0ms)
				RefreshPlugins (1ms)
				BeforeProcessingInitializeOnLoad (68ms)
				ProcessInitializeOnLoadAttributes (293ms)
				ProcessInitializeOnLoadMethodAttributes (21ms)
				AfterProcessingInitializeOnLoad (8ms)
				EditorAssembliesLoaded (0ms)
			ExecutionOrderSort2 (0ms)
			AwakeInstancesAfterBackupRestoration (7ms)
Platform modules already initialized, skipping
Refreshing native plugins compatible for Editor in 1.90 ms, found 3 plugins.
Preloading 0 native plugins for Editor in 0.00 ms.
Unloading 3626 Unused Serialized files (Serialized files now loaded: 0)
Unloading 24 unused Assets / (0.7 MB). Loaded Objects now: 4126.
Memory consumption went from 135.4 MB to 134.7 MB.
Total: 3.367400 ms (FindLiveObjects: 0.253800 ms CreateObjectMapping: 0.166700 ms MarkObjects: 2.539000 ms  DeleteObjects: 0.407100 ms)

AssetImportParameters requested are different than current active one (requested -> active):
  custom:video-decoder-ogg-theora: a1e56fd34408186e4bbccfd4996cb3dc -> 
  custom:container-muxer-webm: aa71ff27fc2769a1b78a27578f13a17b -> 
  custom:container-demuxer-webm: 4f35f7cbe854078d1ac9338744f61a02 -> 
  custom:video-encoder-webm-vp8: eb34c28f22e8b96e1ab97ce403110664 -> 
  custom:audio-encoder-webm-vorbis: bf7c407c2cedff20999df2af8eb42d56 -> 
  custom:framework-win-MediaFoundation: 216162199b28c13a410421893ffa2e32 -> 
  custom:container-demuxer-ogg: 62fdf1f143b41e24485cea50d1cbac27 -> 
  custom:video-decoder-webm-vp8: 9c59270c3fd7afecdb556c50c9e8de78 -> 
  custom:audio-decoder-ogg-vorbis: bf7c407c2cedff20999df2af8eb42d56 -> 
========================================================================
Received Prepare
Registering precompiled user dll's ...
Registered in 0.003411 seconds.
Begin MonoManager ReloadAssembly
Symbol file LoadedFromMemory doesn't match image F:\JY\Project_SpaceSurvival\SpaceSurvival\Library\PackageCache\com.unity.visualscripting@1.8.0\Editor\VisualScripting.Core\Dependencies\YamlDotNet\Unity.VisualScripting.YamlDotNet.dll
Symbol file LoadedFromMemory doesn't match image F:\JY\Project_SpaceSurvival\SpaceSurvival\Library\PackageCache\com.unity.visualscripting@1.8.0\Editor\VisualScripting.Core\Dependencies\DotNetZip\Unity.VisualScripting.IonicZip.dll
Native extension for WindowsStandalone target not found
Native extension for WebGL target not found
Refreshing native plugins compatible for Editor in 0.93 ms, found 3 plugins.
Preloading 0 native plugins for Editor in 0.00 ms.
Mono: successfully reloaded assembly
- Completed reload, in  1.180 seconds
Domain Reload Profiling:
	ReloadAssembly (1181ms)
		BeginReloadAssembly (158ms)
			ExecutionOrderSort (0ms)
			DisableScriptedObjects (5ms)
			BackupInstance (0ms)
			ReleaseScriptingObjects (0ms)
			CreateAndSetChildDomain (37ms)
		EndReloadAssembly (922ms)
			LoadAssemblies (107ms)
			RebuildTransferFunctionScriptingTraits (0ms)
			SetupTypeCache (321ms)
			ReleaseScriptCaches (1ms)
			RebuildScriptCaches (56ms)
			SetupLoadedEditorAssemblies (401ms)
				LogAssemblyErrors (0ms)
				InitializePlatformSupportModulesInManaged (9ms)
				SetLoadedEditorAssemblies (1ms)
				RefreshPlugins (1ms)
				BeforeProcessingInitializeOnLoad (66ms)
				ProcessInitializeOnLoadAttributes (296ms)
				ProcessInitializeOnLoadMethodAttributes (20ms)
				AfterProcessingInitializeOnLoad (8ms)
				EditorAssembliesLoaded (0ms)
			ExecutionOrderSort2 (0ms)
			AwakeInstancesAfterBackupRestoration (6ms)
Platform modules already initialized, skipping
Refreshing native plugins compatible for Editor in 1.85 ms, found 3 plugins.
Preloading 0 native plugins for Editor in 0.00 ms.
Unloading 3626 Unused Serialized files (Serialized files now loaded: 0)
Unloading 24 unused Assets / (0.7 MB). Loaded Objects now: 4141.
Memory consumption went from 135.4 MB to 134.7 MB.
Total: 3.274300 ms (FindLiveObjects: 0.257800 ms CreateObjectMapping: 0.174400 ms MarkObjects: 2.415500 ms  DeleteObjects: 0.425400 ms)

AssetImportParameters requested are different than current active one (requested -> active):
  custom:video-decoder-ogg-theora: a1e56fd34408186e4bbccfd4996cb3dc -> 
  custom:container-muxer-webm: aa71ff27fc2769a1b78a27578f13a17b -> 
  custom:container-demuxer-webm: 4f35f7cbe854078d1ac9338744f61a02 -> 
  custom:video-encoder-webm-vp8: eb34c28f22e8b96e1ab97ce403110664 -> 
  custom:audio-encoder-webm-vorbis: bf7c407c2cedff20999df2af8eb42d56 -> 
  custom:framework-win-MediaFoundation: 216162199b28c13a410421893ffa2e32 -> 
  custom:container-demuxer-ogg: 62fdf1f143b41e24485cea50d1cbac27 -> 
  custom:video-decoder-webm-vp8: 9c59270c3fd7afecdb556c50c9e8de78 -> 
  custom:audio-decoder-ogg-vorbis: bf7c407c2cedff20999df2af8eb42d56 -> 
========================================================================
Received Import Request.
  Time since last request: 18.920234 seconds.
  path: Assets/__CommonAssets/Script
  artifactKey: Guid(17f12afd3067edc4792e47b00c4bc7ea) Importer(815301076,1909f56bfc062723c751e8b465ee728b)
Start importing Assets/__CommonAssets/Script using Guid(17f12afd3067edc4792e47b00c4bc7ea) Importer(815301076,1909f56bfc062723c751e8b465ee728b)  -> (artifact id: 'f5aed803bbfc0035d9526a50eb1f9143') in 0.007762 seconds 
========================================================================
Received Prepare
Registering precompiled user dll's ...
Registered in 0.003792 seconds.
Begin MonoManager ReloadAssembly
Symbol file LoadedFromMemory doesn't match image F:\JY\Project_SpaceSurvival\SpaceSurvival\Library\PackageCache\com.unity.visualscripting@1.8.0\Editor\VisualScripting.Core\Dependencies\YamlDotNet\Unity.VisualScripting.YamlDotNet.dll
Symbol file LoadedFromMemory doesn't match image F:\JY\Project_SpaceSurvival\SpaceSurvival\Library\PackageCache\com.unity.visualscripting@1.8.0\Editor\VisualScripting.Core\Dependencies\DotNetZip\Unity.VisualScripting.IonicZip.dll
Native extension for WindowsStandalone target not found
Native extension for WebGL target not found
Refreshing native plugins compatible for Editor in 0.83 ms, found 3 plugins.
Preloading 0 native plugins for Editor in 0.00 ms.
Mono: successfully reloaded assembly
- Completed reload, in  1.175 seconds
Domain Reload Profiling:
	ReloadAssembly (1176ms)
		BeginReloadAssembly (166ms)
			ExecutionOrderSort (0ms)
			DisableScriptedObjects (5ms)
			BackupInstance (0ms)
			ReleaseScriptingObjects (0ms)
			CreateAndSetChildDomain (41ms)
		EndReloadAssembly (905ms)
			LoadAssemblies (104ms)
			RebuildTransferFunctionScriptingTraits (0ms)
			SetupTypeCache (321ms)
			ReleaseScriptCaches (1ms)
			RebuildScriptCaches (52ms)
			SetupLoadedEditorAssemblies (388ms)
				LogAssemblyErrors (0ms)
				InitializePlatformSupportModulesInManaged (8ms)
				SetLoadedEditorAssemblies (1ms)
				RefreshPlugins (1ms)
				BeforeProcessingInitializeOnLoad (65ms)
				ProcessInitializeOnLoadAttributes (285ms)
				ProcessInitializeOnLoadMethodAttributes (20ms)
				AfterProcessingInitializeOnLoad (8ms)
				EditorAssembliesLoaded (0ms)
			ExecutionOrderSort2 (0ms)
			AwakeInstancesAfterBackupRestoration (6ms)
Platform modules already initialized, skipping
Refreshing native plugins compatible for Editor in 1.72 ms, found 3 plugins.
Preloading 0 native plugins for Editor in 0.00 ms.
Unloading 3626 Unused Serialized files (Serialized files now loaded: 0)
Unloading 24 unused Assets / (0.7 MB). Loaded Objects now: 4156.
Memory consumption went from 135.5 MB to 134.7 MB.
Total: 3.782700 ms (FindLiveObjects: 0.259400 ms CreateObjectMapping: 0.172600 ms MarkObjects: 2.860400 ms  DeleteObjects: 0.489400 ms)

AssetImportParameters requested are different than current active one (requested -> active):
  custom:video-decoder-ogg-theora: a1e56fd34408186e4bbccfd4996cb3dc -> 
  custom:container-muxer-webm: aa71ff27fc2769a1b78a27578f13a17b -> 
  custom:container-demuxer-webm: 4f35f7cbe854078d1ac9338744f61a02 -> 
  custom:video-encoder-webm-vp8: eb34c28f22e8b96e1ab97ce403110664 -> 
  custom:audio-encoder-webm-vorbis: bf7c407c2cedff20999df2af8eb42d56 -> 
  custom:framework-win-MediaFoundation: 216162199b28c13a410421893ffa2e32 -> 
  custom:container-demuxer-ogg: 62fdf1f143b41e24485cea50d1cbac27 -> 
  custom:video-decoder-webm-vp8: 9c59270c3fd7afecdb556c50c9e8de78 -> 
  custom:audio-decoder-ogg-vorbis: bf7c407c2cedff20999df2af8eb42d56 -> 
========================================================================
Received Import Request.
  Time since last request: 20.226017 seconds.
  path: Assets/__CommonAssets/Scenes
  artifactKey: Guid(2f3aafa3f63a2864b95df81af0e1b18c) Importer(815301076,1909f56bfc062723c751e8b465ee728b)
Start importing Assets/__CommonAssets/Scenes using Guid(2f3aafa3f63a2864b95df81af0e1b18c) Importer(815301076,1909f56bfc062723c751e8b465ee728b)  -> (artifact id: '84f9598e32fc199c54b9ad162e1935e3') in 0.013759 seconds 
========================================================================
Received Import Request.
  Time since last request: 17.848910 seconds.
  path: Assets/_JY/JY/New Scene.unity
  artifactKey: Guid(de4f6a416e63c954a82277066ff13ad7) Importer(815301076,1909f56bfc062723c751e8b465ee728b)
Start importing Assets/_JY/JY/New Scene.unity using Guid(de4f6a416e63c954a82277066ff13ad7) Importer(815301076,1909f56bfc062723c751e8b465ee728b)  -> (artifact id: '6048af419aa456a451c6bade24d3f6e5') in 0.011592 seconds 
========================================================================
Received Prepare
Registering precompiled user dll's ...
Registered in 0.003640 seconds.
Begin MonoManager ReloadAssembly
Symbol file LoadedFromMemory doesn't match image F:\JY\Project_SpaceSurvival\SpaceSurvival\Library\PackageCache\com.unity.visualscripting@1.8.0\Editor\VisualScripting.Core\Dependencies\YamlDotNet\Unity.VisualScripting.YamlDotNet.dll
Symbol file LoadedFromMemory doesn't match image F:\JY\Project_SpaceSurvival\SpaceSurvival\Library\PackageCache\com.unity.visualscripting@1.8.0\Editor\VisualScripting.Core\Dependencies\DotNetZip\Unity.VisualScripting.IonicZip.dll
Native extension for WindowsStandalone target not found
Native extension for WebGL target not found
Refreshing native plugins compatible for Editor in 0.83 ms, found 3 plugins.
Preloading 0 native plugins for Editor in 0.00 ms.
Mono: successfully reloaded assembly
- Completed reload, in  1.165 seconds
Domain Reload Profiling:
	ReloadAssembly (1166ms)
		BeginReloadAssembly (159ms)
			ExecutionOrderSort (0ms)
			DisableScriptedObjects (6ms)
			BackupInstance (0ms)
			ReleaseScriptingObjects (0ms)
			CreateAndSetChildDomain (38ms)
		EndReloadAssembly (906ms)
			LoadAssemblies (103ms)
			RebuildTransferFunctionScriptingTraits (0ms)
			SetupTypeCache (290ms)
			ReleaseScriptCaches (2ms)
			RebuildScriptCaches (55ms)
			SetupLoadedEditorAssemblies (421ms)
				LogAssemblyErrors (0ms)
				InitializePlatformSupportModulesInManaged (8ms)
				SetLoadedEditorAssemblies (1ms)
				RefreshPlugins (1ms)
				BeforeProcessingInitializeOnLoad (72ms)
				ProcessInitializeOnLoadAttributes (307ms)
				ProcessInitializeOnLoadMethodAttributes (21ms)
				AfterProcessingInitializeOnLoad (12ms)
				EditorAssembliesLoaded (0ms)
			ExecutionOrderSort2 (0ms)
			AwakeInstancesAfterBackupRestoration (6ms)
Platform modules already initialized, skipping
Refreshing native plugins compatible for Editor in 1.82 ms, found 3 plugins.
Preloading 0 native plugins for Editor in 0.00 ms.
Unloading 3626 Unused Serialized files (Serialized files now loaded: 0)
Unloading 24 unused Assets / (0.7 MB). Loaded Objects now: 4171.
Memory consumption went from 135.5 MB to 134.7 MB.
Total: 3.381500 ms (FindLiveObjects: 0.304400 ms CreateObjectMapping: 0.192500 ms MarkObjects: 2.484000 ms  DeleteObjects: 0.399600 ms)

AssetImportParameters requested are different than current active one (requested -> active):
  custom:video-decoder-ogg-theora: a1e56fd34408186e4bbccfd4996cb3dc -> 
  custom:container-muxer-webm: aa71ff27fc2769a1b78a27578f13a17b -> 
  custom:container-demuxer-webm: 4f35f7cbe854078d1ac9338744f61a02 -> 
  custom:video-encoder-webm-vp8: eb34c28f22e8b96e1ab97ce403110664 -> 
  custom:audio-encoder-webm-vorbis: bf7c407c2cedff20999df2af8eb42d56 -> 
  custom:framework-win-MediaFoundation: 216162199b28c13a410421893ffa2e32 -> 
  custom:container-demuxer-ogg: 62fdf1f143b41e24485cea50d1cbac27 -> 
  custom:video-decoder-webm-vp8: 9c59270c3fd7afecdb556c50c9e8de78 -> 
  custom:audio-decoder-ogg-vorbis: bf7c407c2cedff20999df2af8eb42d56 -> 
